[4/28/2025 3:17:16 PM] INFO: Starting AudioWizard Models DB Maintenance
[4/28/2025 3:17:16 PM] INFO: Database opened successfully: C:\Git\3DAudioStudio\src\AutoIt\models.db
[4/28/2025 3:17:16 PM] INFO: Entering _InitializeModels
[4/28/2025 3:17:16 PM] INFO: Apps table does not exist, creating it
[4/28/2025 3:17:17 PM] INFO: Apps table created successfully
[4/28/2025 3:17:17 PM] INFO: Models table exists, checking schema
[4/28/2025 3:17:17 PM] ERROR: Missing column in Models table: Focus
[4/28/2025 3:17:17 PM] INFO: Schema mismatch detected, dropping and recreating Models table
[4/28/2025 3:17:17 PM] INFO: Models table recreated successfully
[4/28/2025 3:17:17 PM] INFO: Models table is empty, rebuilding from Models.ini
[4/28/2025 3:17:17 PM] INFO: Entering _RebuildDatabaseFromIni
[4/28/2025 3:17:17 PM] INFO: Found 53 sections in Models.ini
[4/28/2025 3:17:17 PM] INFO: Cleared existing data in Models table
[4/28/2025 3:17:17 PM] ERROR: Failed to insert model 2stems: table Models has no column named App
[4/28/2025 3:17:17 PM] ERROR: Failed to insert model 4stems: table Models has no column named App
[4/28/2025 3:17:17 PM] ERROR: Failed to insert model 5stems: table Models has no column named App
[4/28/2025 3:17:17 PM] ERROR: Failed to insert model htdemucs_2s: table Models has no column named App
[4/28/2025 3:17:17 PM] ERROR: Failed to insert model htdemucs: table Models has no column named App
[4/28/2025 3:17:17 PM] ERROR: Failed to insert model htdemucs_6s: table Models has no column named App
[4/28/2025 3:17:17 PM] ERROR: Failed to insert model mdx_extra_q: table Models has no column named App
[4/28/2025 3:17:17 PM] ERROR: Failed to insert model htdemucs_ft: table Models has no column named App
[4/28/2025 3:17:17 PM] ERROR: Failed to insert model Demucs_extra: table Models has no column named App
[4/28/2025 3:17:17 PM] ERROR: Failed to insert model demucs48_hq: table Models has no column named App
[4/28/2025 3:17:17 PM] ERROR: Failed to insert model Kim_Inst: table Models has no column named App
[4/28/2025 3:17:17 PM] ERROR: Failed to insert model Kim_Vocal_1: table Models has no column named App
[4/28/2025 3:17:17 PM] ERROR: Failed to insert model Kim_Vocal_2: table Models has no column named App
[4/28/2025 3:17:17 PM] ERROR: Failed to insert model kuielab_a_bass: table Models has no column named App
[4/28/2025 3:17:17 PM] ERROR: Failed to insert model kuielab_a_drums: table Models has no column named App
[4/28/2025 3:17:17 PM] ERROR: Failed to insert model kuielab_a_other: table Models has no column named App
[4/28/2025 3:17:17 PM] ERROR: Failed to insert model kuielab_a_vocals: table Models has no column named App
[4/28/2025 3:17:17 PM] ERROR: Failed to insert model kuielab_b_bass: table Models has no column named App
[4/28/2025 3:17:17 PM] ERROR: Failed to insert model kuielab_b_drums: table Models has no column named App
[4/28/2025 3:17:17 PM] ERROR: Failed to insert model kuielab_b_other: table Models has no column named App
[4/28/2025 3:17:17 PM] ERROR: Failed to insert model kuielab_b_vocals: table Models has no column named App
[4/28/2025 3:17:17 PM] ERROR: Failed to insert model MDX23C-8KFFT-InstVoc_HQ: table Models has no column named App
[4/28/2025 3:17:17 PM] ERROR: Failed to insert model Reverb_HQ_By_FoxJoy: table Models has no column named App
[4/28/2025 3:17:17 PM] ERROR: Failed to insert model UVR-MDX-NET-Inst_1: table Models has no column named App
[4/28/2025 3:17:17 PM] ERROR: Failed to insert model UVR-MDX-NET-Inst_2: table Models has no column named App
[4/28/2025 3:17:17 PM] ERROR: Failed to insert model UVR-MDX-NET-Inst_3: table Models has no column named App
[4/28/2025 3:17:17 PM] ERROR: Failed to insert model UVR-MDX-NET-Inst_HQ_1: table Models has no column named App
[4/28/2025 3:17:17 PM] ERROR: Failed to insert model UVR-MDX-NET-Inst_HQ_2: table Models has no column named App
[4/28/2025 3:17:17 PM] ERROR: Failed to insert model UVR-MDX-NET-Inst_HQ_3: table Models has no column named App
[4/28/2025 3:17:17 PM] ERROR: Failed to insert model UVR-MDX-NET-Inst_HQ_4: table Models has no column named App
[4/28/2025 3:17:17 PM] ERROR: Failed to insert model UVR-MDX-NET-Inst_HQ_5: table Models has no column named App
[4/28/2025 3:17:17 PM] ERROR: Failed to insert model UVR-MDX-NET-Inst_Main: table Models has no column named App
[4/28/2025 3:17:17 PM] ERROR: Failed to insert model UVR-MDX-NET-Voc_FT: table Models has no column named App
[4/28/2025 3:17:17 PM] ERROR: Failed to insert model UVR-MDX-NET_Crowd_HQ_1: table Models has no column named App
[4/28/2025 3:17:17 PM] ERROR: Failed to insert model UVR_MDXNET_KARA: table Models has no column named App
[4/28/2025 3:17:17 PM] ERROR: Failed to insert model UVR_MDXNET_KARA_2: table Models has no column named App
[4/28/2025 3:17:17 PM] ERROR: Failed to insert model UVR_MDXNET_Main: table Models has no column named App
[4/28/2025 3:17:17 PM] ERROR: Failed to insert model 1_HP-UVR: table Models has no column named App
[4/28/2025 3:17:17 PM] ERROR: Failed to insert model 2_HP-UVR: table Models has no column named App
[4/28/2025 3:17:17 PM] ERROR: Failed to insert model 3_HP-Vocal-UVR: table Models has no column named App
[4/28/2025 3:17:17 PM] ERROR: Failed to insert model 4_HP-Vocal-UVR: table Models has no column named App
[4/28/2025 3:17:17 PM] ERROR: Failed to insert model 5_HP-Karaoke-UVR: table Models has no column named App
[4/28/2025 3:17:17 PM] ERROR: Failed to insert model 6_HP-Karaoke-UVR: table Models has no column named App
[4/28/2025 3:17:17 PM] ERROR: Failed to insert model 7_HP2-UVR: table Models has no column named App
[4/28/2025 3:17:17 PM] ERROR: Failed to insert model 8_HP2-UVR: table Models has no column named App
[4/28/2025 3:17:17 PM] ERROR: Failed to insert model 9_HP2-UVR: table Models has no column named App
[4/28/2025 3:17:17 PM] ERROR: Failed to insert model 17_HP-Wind_Inst-UVR: table Models has no column named App
[4/28/2025 3:17:17 PM] ERROR: Failed to insert model MGM_MAIN_v4: table Models has no column named App
[4/28/2025 3:17:17 PM] ERROR: Failed to insert model UVR-De-Echo-Aggressive: table Models has no column named App
[4/28/2025 3:17:17 PM] ERROR: Failed to insert model UVR-De-Echo-Normal: table Models has no column named App
[4/28/2025 3:17:17 PM] ERROR: Failed to insert model UVR-DeEcho-DeReverb: table Models has no column named App
[4/28/2025 3:17:17 PM] ERROR: Failed to insert model UVR-DeNoise: table Models has no column named App
[4/28/2025 3:17:17 PM] ERROR: Failed to insert model UVR-DeNoise-Lite: table Models has no column named App
[4/28/2025 3:17:17 PM] INFO: Exiting _RebuildDatabaseFromIni
[4/28/2025 3:17:17 PM] INFO: Exiting _InitializeModels
[4/28/2025 3:17:17 PM] INFO: Entering _CreateGUI
[4/28/2025 3:17:17 PM] INFO: Exiting _CreateGUI
[4/28/2025 3:17:17 PM] INFO: Entering _LoadModelsIntoListView
[4/28/2025 3:17:17 PM] INFO: Database file: C:\Git\3DAudioStudio\src\AutoIt\models.db
[4/28/2025 3:17:17 PM] INFO: Executing query: SELECT m.ModelID, a.AppName, m.Name, m.Path, m.Focus, m.Stems, m.Description, m.Comments, m.CommandLine FROM Models m JOIN ModelApps ma ON m.ModelID = ma.ModelID JOIN Apps a ON ma.AppID = a.AppID;
[4/28/2025 3:17:17 PM] ERROR: SQLite query failed with result: 1, Error: no such column: ma.AppID
[4/28/2025 3:17:26 PM] INFO: Exiting script
